#
# There is insufficient memory for the Java Runtime Environment to continue.
# Native memory allocation (mmap) failed to map 520093696 bytes for G1 virtual space
# Possible reasons:
#   The system is out of physical RAM or swap space
#   The process is running with CompressedOops enabled, and the Java Heap may be blocking the growth of the native heap
# Possible solutions:
#   Reduce memory load on the system
#   Increase physical memory or swap space
#   Check if swap backing store is full
#   Decrease Java heap size (-Xmx/-Xms)
#   Decrease number of Java threads
#   Decrease Java thread stack sizes (-Xss)
#   Set larger code cache with -XX:ReservedCodeCacheSize=
#   JVM is running with Zero Based Compressed Oops mode in which the Java heap is
#     placed in the first 32GB address space. The Java Heap base address is the
#     maximum limit for the native heap growth. Please use -XX:HeapBaseMinAddress
#     to set the Java Heap base and to place the Java Heap above 32GB virtual address.
# This output file may be truncated or incomplete.
#
#  Out of Memory Error (os_windows.cpp:3532), pid=7900, tid=21384
#
# JRE version:  (17.0.2+8) (build )
# Java VM: OpenJDK 64-Bit Server VM (17.0.2+8, mixed mode, sharing, tiered, compressed oops, compressed class ptrs, g1 gc, windows-amd64)
# No core dump will be written. Minidumps are not enabled by default on client versions of Windows
#

---------------  S U M M A R Y ------------

Command Line: --add-modules=ALL-SYSTEM --add-opens=java.base/java.util=ALL-UNNAMED --add-opens=java.base/java.lang=ALL-UNNAMED --add-opens=java.base/sun.nio.fs=ALL-UNNAMED -Declipse.application=org.eclipse.jdt.ls.core.id1 -Dosgi.bundles.defaultStartLevel=4 -Declipse.product=org.eclipse.jdt.ls.core.product -Djava.import.generatesMetadataFilesAtProjectRoot=false -DwatchParentProcess=false -Dfile.encoding=UTF-8 -XX:+HeapDumpOnOutOfMemoryError -XX:HeapDumpPath=c:\Users\∏⁄¿Ô¿Ã\AppData\Roaming\Code\User\workspaceStorage\e98edc001317389585fdd145f6c14a10\redhat.java c:\Users\∏⁄¿Ô¿Ã\.vscode\extensions\redhat.java-1.4.0\server\plugins\org.eclipse.equinox.launcher_1.6.400.v20210924-0641.jar -configuration c:\Users\∏⁄¿Ô¿Ã\AppData\Roaming\Code\User\globalStorage\redhat.java\1.4.0\config_win -data c:\Users\∏⁄¿Ô¿Ã\AppData\Roaming\Code\User\workspaceStorage\e98edc001317389585fdd145f6c14a10\redhat.java\jdt_ws

Host: Intel(R) Core(TM) i7-7700K CPU @ 4.20GHz, 8 cores, 30G,  Windows 10 , 64 bit Build 19041 (10.0.19041.1348)
Time: Wed Mar 30 14:50:45 2022  Windows 10 , 64 bit Build 19041 (10.0.19041.1348) elapsed time: 0.014005 seconds (0d 0h 0m 0s)

---------------  T H R E A D  ---------------

Current thread (0x0000023c6ba201b0):  JavaThread "Unknown thread" [_thread_in_vm, id=21384, stack(0x0000007292e00000,0x0000007292f00000)]

Stack: [0x0000007292e00000,0x0000007292f00000]
Native frames: (J=compiled Java code, j=interpreted, Vv=VM code, C=native code)
V  [jvm.dll+0x67564a]
V  [jvm.dll+0x82fc04]
V  [jvm.dll+0x8313ae]
V  [jvm.dll+0x831a13]
V  [jvm.dll+0x245235]
V  [jvm.dll+0x672539]
V  [jvm.dll+0x666e82]
V  [jvm.dll+0x30401b]
V  [jvm.dll+0x30b566]
V  [jvm.dll+0x35b1fe]
V  [jvm.dll+0x35b42f]
V  [jvm.dll+0x2daf58]
V  [jvm.dll+0x2dbec4]
V  [jvm.dll+0x801881]
V  [jvm.dll+0x368f81]
V  [jvm.dll+0x7e0cdc]
V  [jvm.dll+0x3eb8bf]
V  [jvm.dll+0x3ed441]
C  [jli.dll+0x5277]
C  [ucrtbase.dll+0x21bb2]
C  [KERNEL32.DLL+0x17034]
C  [ntdll.dll+0x52651]


---------------  P R O C E S S  ---------------

Threads class SMR info:
_java_thread_list=0x00007ffcc7305e98, length=0, elements={
}

Java Threads: ( => current thread )

Other Threads:
  0x0000023c6ba936f0 GCTaskThread "GC Thread#0" [stack: 0x0000007292f00000,0x0000007293000000] [id=17204]
  0x0000023c6baa3b70 ConcurrentGCThread "G1 Main Marker" [stack: 0x0000007293000000,0x0000007293100000] [id=14696]
  0x0000023c6baa4ad0 ConcurrentGCThread "G1 Conc#0" [stack: 0x0000007293100000,0x0000007293200000] [id=8444]

[error occurred during error reporting (printing all threads), id 0xc0000005, EXCEPTION_ACCESS_VIOLATION (0xc0000005) at pc=0x00007ffcc6adb9d7]

VM state: not at safepoint (not fully initialized)

VM Mutex/Monitor currently owned by a thread:  ([mutex/lock_event])
[0x0000023c6ba1ad50] Heap_lock - owner thread: 0x0000023c6ba201b0

Heap address: 0x0000000610c00000, size: 7924 MB, Compressed Oops mode: Zero based, Oop shift amount: 3

CDS archive(s) mapped at: [0x0000000000000000-0x0000000000000000-0x0000000000000000), size 0, SharedBaseAddress: 0x0000000800000000, ArchiveRelocationMode: 0.
Narrow klass base: 0x0000000000000000, Narrow klass shift: 0, Narrow klass range: 0x0

GC Precious Log:
<Empty>

Heap:
 garbage-first heap   total 0K, used 0K [0x0000000610c00000, 0x0000000800000000)
  region size 4096K, 0 young (0K), 0 survivors (0K)

[error occurred during error reporting (printing heap information), id 0xc0000005, EXCEPTION_ACCESS_VIOLATION (0xc0000005) at pc=0x00007ffcc6ebe899]

GC Heap History (0 events):
No events

Deoptimization events (0 events):
No events

Classes unloaded (0 events):
No events

Classes redefined (0 events):
No events

Internal exceptions (0 events):
No events

VM Operations (0 events):
No events

Events (1 events):
Event: 0.008 Loaded shared library c:\Users\∏⁄¿Ô¿Ã\.vscode\extensions\redhat.java-1.4.0\jre\17.0.2-win32-x86_64\bin\java.dll


Dynamic libraries:
0x00007ff76c890000 - 0x00007ff76c89e000 	c:\Users\∏⁄¿Ô¿Ã\.vscode\extensions\redhat.java-1.4.0\jre\17.0.2-win32-x86_64\bin\java.exe
0x00007ffd379b0000 - 0x00007ffd37ba5000 	C:\WINDOWS\SYSTEM32\ntdll.dll
0x00007ffd36d60000 - 0x00007ffd36e1e000 	C:\WINDOWS\System32\KERNEL32.DLL
0x00007ffd355d0000 - 0x00007ffd35898000 	C:\WINDOWS\System32\KERNELBASE.dll
0x00007ffd358a0000 - 0x00007ffd359a0000 	C:\WINDOWS\System32\ucrtbase.dll
0x00007ffd29940000 - 0x00007ffd29958000 	c:\Users\∏⁄¿Ô¿Ã\.vscode\extensions\redhat.java-1.4.0\jre\17.0.2-win32-x86_64\bin\jli.dll
0x00007ffd29960000 - 0x00007ffd29979000 	c:\Users\∏⁄¿Ô¿Ã\.vscode\extensions\redhat.java-1.4.0\jre\17.0.2-win32-x86_64\bin\VCRUNTIME140.dll
0x00007ffd37520000 - 0x00007ffd376c1000 	C:\WINDOWS\System32\USER32.dll
0x00007ffd35490000 - 0x00007ffd354b2000 	C:\WINDOWS\System32\win32u.dll
0x00007ffd36d30000 - 0x00007ffd36d5b000 	C:\WINDOWS\System32\GDI32.dll
0x00007ffd354c0000 - 0x00007ffd355cd000 	C:\WINDOWS\System32\gdi32full.dll
0x00007ffd350c0000 - 0x00007ffd3515d000 	C:\WINDOWS\System32\msvcp_win.dll
0x00007ffd263f0000 - 0x00007ffd2668a000 	C:\WINDOWS\WinSxS\amd64_microsoft.windows.common-controls_6595b64144ccf1df_6.0.19041.1110_none_60b5254171f9507e\COMCTL32.dll
0x00007ffd378d0000 - 0x00007ffd3796e000 	C:\WINDOWS\System32\msvcrt.dll
0x00007ffd36140000 - 0x00007ffd36170000 	C:\WINDOWS\System32\IMM32.DLL
0x00007ffd327f0000 - 0x00007ffd327fc000 	c:\Users\∏⁄¿Ô¿Ã\.vscode\extensions\redhat.java-1.4.0\jre\17.0.2-win32-x86_64\bin\vcruntime140_1.dll
0x00007ffcfd090000 - 0x00007ffcfd121000 	c:\Users\∏⁄¿Ô¿Ã\.vscode\extensions\redhat.java-1.4.0\jre\17.0.2-win32-x86_64\bin\msvcp140.dll
0x00007ffcc67f0000 - 0x00007ffcc7437000 	c:\Users\∏⁄¿Ô¿Ã\.vscode\extensions\redhat.java-1.4.0\jre\17.0.2-win32-x86_64\bin\server\jvm.dll
0x00007ffd36170000 - 0x00007ffd3621c000 	C:\WINDOWS\System32\ADVAPI32.dll
0x00007ffd36230000 - 0x00007ffd362cb000 	C:\WINDOWS\System32\sechost.dll
0x00007ffd36eb0000 - 0x00007ffd36fda000 	C:\WINDOWS\System32\RPCRT4.dll
0x00007ffd36220000 - 0x00007ffd36228000 	C:\WINDOWS\System32\PSAPI.DLL
0x00007ffd2b450000 - 0x00007ffd2b459000 	C:\WINDOWS\SYSTEM32\WSOCK32.dll
0x00007ffd377b0000 - 0x00007ffd3781b000 	C:\WINDOWS\System32\WS2_32.dll
0x00007ffd28050000 - 0x00007ffd28077000 	C:\WINDOWS\SYSTEM32\WINMM.dll
0x00007ffd2e5f0000 - 0x00007ffd2e5fa000 	C:\WINDOWS\SYSTEM32\VERSION.dll
0x00007ffd32f90000 - 0x00007ffd32fa2000 	C:\WINDOWS\SYSTEM32\kernel.appcore.dll
0x00007ffd30bc0000 - 0x00007ffd30bca000 	c:\Users\∏⁄¿Ô¿Ã\.vscode\extensions\redhat.java-1.4.0\jre\17.0.2-win32-x86_64\bin\jimage.dll
0x00007ffd1d200000 - 0x00007ffd1d3e4000 	C:\WINDOWS\SYSTEM32\DBGHELP.DLL
0x00007ffd1cfa0000 - 0x00007ffd1cfcc000 	C:\WINDOWS\SYSTEM32\dbgcore.DLL
0x00007ffd353d0000 - 0x00007ffd35453000 	C:\WINDOWS\System32\bcryptPrimitives.dll
0x00007ffd198a0000 - 0x00007ffd198c5000 	c:\Users\∏⁄¿Ô¿Ã\.vscode\extensions\redhat.java-1.4.0\jre\17.0.2-win32-x86_64\bin\java.dll

dbghelp: loaded successfully - version: 4.0.5 - missing functions: none
symbol engine: initialized successfully - sym options: 0x614 - pdb path: .;c:\Users\∏⁄¿Ô¿Ã\.vscode\extensions\redhat.java-1.4.0\jre\17.0.2-win32-x86_64\bin;C:\WINDOWS\SYSTEM32;C:\WINDOWS\WinSxS\amd64_microsoft.windows.common-controls_6595b64144ccf1df_6.0.19041.1110_none_60b5254171f9507e;c:\Users\∏⁄¿Ô¿Ã\.vscode\extensions\redhat.java-1.4.0\jre\17.0.2-win32-x86_64\bin\;c:\Users\∏⁄¿Ô¿Ã\.vscode\extensions\redhat.java-1.4.0\jre\17.0.2-win32-x86_64\b

VM Arguments:
jvm_args: --add-modules=ALL-SYSTEM --add-opens=java.base/java.util=ALL-UNNAMED --add-opens=java.base/java.lang=ALL-UNNAMED --add-opens=java.base/sun.nio.fs=ALL-UNNAMED -Declipse.application=org.eclipse.jdt.ls.core.id1 -Dosgi.bundles.defaultStartLevel=4 -Declipse.product=org.eclipse.jdt.ls.core.product -Djava.import.generatesMetadataFilesAtProjectRoot=false -DwatchParentProcess=false -Dfile.encoding=UTF-8 -XX:+HeapDumpOnOutOfMemoryError -XX:HeapDumpPath=c:\Users\∏⁄¿Ô¿Ã\AppData\Roaming\Code\User\workspaceStorage\e98edc001317389585fdd145f6c14a10\redhat.java 
java_command: c:\Users\∏⁄¿Ô¿Ã\.vscode\extensions\redhat.java-1.4.0\server\plugins\org.eclipse.equinox.launcher_1.6.400.v20210924-0641.jar -configuration c:\Users\∏⁄¿Ô¿Ã\AppData\Roaming\Code\User\globalStorage\redhat.java\1.4.0\config_win -data c:\Users\∏⁄¿Ô¿Ã\AppData\Roaming\Code\User\workspaceStorage\e98edc001317389585fdd145f6c14a10\redhat.java\jdt_ws
java_class_path (initial): c:\Users\∏⁄¿Ô¿Ã\.vscode\extensions\redhat.java-1.4.0\server\plugins\org.eclipse.equinox.launcher_1.6.400.v20210924-0641.jar
Launcher Type: SUN_STANDARD

[Global flags]
     intx CICompilerCount                          = 4                                         {product} {ergonomic}
     uint ConcGCThreads                            = 2                                         {product} {ergonomic}
     uint G1ConcRefinementThreads                  = 8                                         {product} {ergonomic}
   size_t G1HeapRegionSize                         = 4194304                                   {product} {ergonomic}
    uintx GCDrainStackTargetSize                   = 64                                        {product} {ergonomic}
     bool HeapDumpOnOutOfMemoryError               = true                                   {manageable} {command line}
    ccstr HeapDumpPath                             = c:\Users\∏⁄¿Ô¿Ã\AppData\Roaming\Code\User\workspaceStorage\e98edc001317389585fdd145f6c14a10\redhat.java         {manageable} {command line}
   size_t InitialHeapSize                          = 520093696                                 {product} {ergonomic}
   size_t MarkStackSize                            = 4194304                                   {product} {ergonomic}
   size_t MaxHeapSize                              = 8308916224                                {product} {ergonomic}
   size_t MinHeapDeltaBytes                        = 4194304                                   {product} {ergonomic}
   size_t MinHeapSize                              = 8388608                                   {product} {ergonomic}
    uintx NonNMethodCodeHeapSize                   = 5839372                                {pd product} {ergonomic}
    uintx NonProfiledCodeHeapSize                  = 122909434                              {pd product} {ergonomic}
    uintx ProfiledCodeHeapSize                     = 122909434                              {pd product} {ergonomic}
    uintx ReservedCodeCacheSize                    = 251658240                              {pd product} {ergonomic}
     bool SegmentedCodeCache                       = true                                      {product} {ergonomic}
   size_t SoftMaxHeapSize                          = 8308916224                             {manageable} {ergonomic}
     bool UseCompressedClassPointers               = true                           {product lp64_product} {ergonomic}
     bool UseCompressedOops                        = true                           {product lp64_product} {ergonomic}
     bool UseG1GC                                  = true                                      {product} {ergonomic}
     bool UseLargePagesIndividualAllocation        = false                                  {pd product} {ergonomic}

Logging:
Log output configuration:
 #0: stdout all=warning uptime,level,tags
 #1: stderr all=off uptime,level,tags

Environment Variables:
PATH=C:\Program Files\AdoptOpenJDK\jdk-11.0.11.9-hotspot\bin;C:\Program Files (x86)\Common Files\Intel\Shared Libraries\redist\intel64\compiler;C:\WINDOWS\system32;C:\WINDOWS;C:\WINDOWS\System32\Wbem;C:\WINDOWS\System32\WindowsPowerShell\v1.0\;C:\WINDOWS\System32\OpenSSH\;C:\ProgramData\chocolatey\bin;C:\tools\flutter\bin;C:\Program Files\Calibre2\;C:\Program Files (x86)\NetSarang\Xshell 7\;C:\Program Files (x86)\PuTTY\;C:\Users\∏⁄¿Ô¿Ã\AppData\Local\GitHubDesktop\app-2.9.10\resources\app\git\cmd;;C:\Program Files\Docker\Docker\resources\bin;C:\ProgramData\DockerDesktop\version-bin;C:\Program Files\Go\bin;C:\Users\∏⁄¿Ô¿Ã\AppData\Local\Microsoft\WindowsApps;C:\Users\∏⁄¿Ô¿Ã\AppData\Local\Programs\Microsoft VS Code\bin;C:\flutter\flutter;C:\flutter\flutter\bin;C:\dev\SDK\platform-tools;C:\dev\SDK\platforms;C:\Users\∏⁄¿Ô¿Ã\AppData\Local\GitHubDesktop\bin;C:\Users\∏⁄¿Ô¿Ã\go\bin
USERNAME=∏⁄¿Ô¿Ã
OS=Windows_NT
PROCESSOR_IDENTIFIER=Intel64 Family 6 Model 158 Stepping 9, GenuineIntel



---------------  S Y S T E M  ---------------

OS:
 Windows 10 , 64 bit Build 19041 (10.0.19041.1348)
OS uptime: 8 days 5:54 hours
Hyper-V role detected

CPU: total 8 (initial active 8) (4 cores per cpu, 2 threads per core) family 6 model 158 stepping 9 microcode 0xb4, cx8, cmov, fxsr, ht, mmx, 3dnowpref, sse, sse2, sse3, ssse3, sse4.1, sse4.2, popcnt, lzcnt, tsc, tscinvbit, avx, avx2, aes, erms, clmul, bmi1, bmi2, rtm, adx, fma, vzeroupper, clflush, clflushopt, hv

Memory: 4k page, system-wide physical 31695M (823M free)
TotalPageFile size 62074M (AvailPageFile size 448M)
current process WorkingSet (physical memory assigned to process): 10M, peak: 10M
current process commit charge ("private bytes"): 60M, peak: 556M

vm_info: OpenJDK 64-Bit Server VM (17.0.2+8) for windows-amd64 JRE (17.0.2+8), built on Jan 20 2022 04:52:34 by "" with MS VC++ 16.7 (VS2019)

END.
